<?xml version="1.0" encoding="UTF-8"?>
<!-- Generated by org.testng.reporters.JUnitReportReporter -->
<testsuite hostname="SEZVM2330P" name="testscript.SmokeTest" tests="1" failures="0" timestamp="15 Jul 2015 13:34:14 GMT" time="10.498" errors="0">
  <testcase name="Login_Functionality" time="10.498" classname="testscript.SmokeTest"/>
</testsuite> <!-- testscript.SmokeTest -->
